<?xml version="1.0" encoding="UTF-8"?>
<testng-results ignored="0" total="2" passed="2" failed="0" skipped="0">
  <reporter-output>
  </reporter-output>
  <suite started-at="2024-10-08T12:18:46 IST" name="Suite" finished-at="2024-10-08T12:18:46 IST" duration-ms="56">
    <groups>
    </groups>
    <test started-at="2024-10-08T12:18:46 IST" name="Test" finished-at="2024-10-08T12:18:46 IST" duration-ms="56">
      <class name="Project1.CreateOrgTest">
        <test-method signature="createOrg()[pri:0, instance:Project1.CreateOrgTest@5d534f5d]" started-at="2024-10-08T12:18:46 IST" name="createOrg" finished-at="2024-10-08T12:18:46 IST" duration-ms="8" status="PASS">
          <reporter-output>
          </reporter-output>
        </test-method> <!-- createOrg -->
        <test-method signature="modifyOrg()[pri:0, instance:Project1.CreateOrgTest@5d534f5d]" started-at="2024-10-08T12:18:46 IST" name="modifyOrg" finished-at="2024-10-08T12:18:46 IST" duration-ms="1" status="PASS">
          <reporter-output>
          </reporter-output>
        </test-method> <!-- modifyOrg -->
      </class> <!-- Project1.CreateOrgTest -->
    </test> <!-- Test -->
  </suite> <!-- Suite -->
</testng-results>
